<?xml version='1.0' encoding='utf-8'?>
<testsuites name="pytest tests"><testsuite name="pytest" errors="0" failures="0" skipped="0" tests="117" time="115.793" timestamp="2026-09-16T15:29:48.400318-03:00" hostname="local-verification"><testcase classname="apps.api.tests.test_daily_use" name="test_two_reviewers_racing_apply_only_one_revision" time="6.767" /><testcase classname="apps.api.tests.test_daily_use" name="test_concurrent_duplicate_submission_has_one_decision" time="3.952" /><testcase classname="apps.api.tests.test_daily_use" name="test_revalidation_racing_approval_does_not_deadlock" time="4.294" /><testcase classname="apps.api.tests.test_daily_use" name="test_stalled_attempt_budget_has_a_terminal_outcome[2-processing]" time="1.880" /><testcase classname="apps.api.tests.test_daily_use" name="test_stalled_attempt_budget_has_a_terminal_outcome[3-processing]" time="2.313" /><testcase classname="apps.api.tests.test_daily_use" name="test_stalled_attempt_budget_has_a_terminal_outcome[3-waiting_review]" time="1.689" /><testcase classname="apps.api.tests.test_daily_use" name="test_example_install_is_additive_idempotent_and_authorized" time="4.855" /><testcase classname="apps.api.tests.test_daily_use" name="test_commit_failure_returns_error_instead_of_success" time="0.158" /><testcase classname="apps.api.tests.test_daily_use" name="test_revalidation_preserves_completed_history" time="6.599" /><testcase classname="apps.api.tests.test_domain" name="test_physical_units[25 cm-mm-250]" time="0.004" /><testcase classname="apps.api.tests.test_domain" name="test_physical_units[0.25 m-mm-250]" time="0.002" /><testcase classname="apps.api.tests.test_domain" name="test_physical_units[10 in-mm-254]" time="0.001" /><testcase classname="apps.api.tests.test_domain" name="test_physical_units[1000 g-kg-1]" time="0.001" /><testcase classname="apps.api.tests.test_domain" name="test_physical_units[12 pairs-pairs-12]" time="0.001" /><testcase classname="apps.api.tests.test_domain" name="test_packaging_is_not_inferred[1 box]" time="0.001" /><testcase classname="apps.api.tests.test_domain" name="test_packaging_is_not_inferred[12 boxes]" time="0.002" /><testcase classname="apps.api.tests.test_domain" name="test_packaging_is_not_inferred[one pack]" time="0.005" /><testcase classname="apps.api.tests.test_domain" name="test_packaging_is_not_inferred[0 pairs]" time="0.001" /><testcase classname="apps.api.tests.test_domain" name="test_packaging_is_not_inferred[1.5 pairs]" time="0.001" /><testcase classname="apps.api.tests.test_domain" name="test_packaging_is_not_inferred[true]" time="0.001" /><testcase classname="apps.api.tests.test_domain" name="test_schema_constraints_and_aliases" time="0.002" /><testcase classname="apps.api.tests.test_domain" name="test_wrong_product_rejected[model-FG-1000]" time="0.002" /><testcase classname="apps.api.tests.test_domain" name="test_wrong_product_rejected[mpn-OTHER]" time="0.001" /><testcase classname="apps.api.tests.test_domain" name="test_wrong_product_rejected[size-XL]" time="0.001" /><testcase classname="apps.api.tests.test_domain" name="test_wrong_product_rejected[coating-Latex]" time="0.001" /><testcase classname="apps.api.tests.test_domain" name="test_wrong_product_rejected[manufacturer-Other]" time="0.001" /><testcase classname="apps.api.tests.test_domain" name="test_explicit_family_applicability" time="0.001" /><testcase classname="apps.api.tests.test_domain" name="test_csv_preserves_original_and_rejects_malformed" time="0.001" /><testcase classname="apps.api.tests.test_domain" name="test_scanned_empty_pdf_abstains" time="0.008" /><testcase classname="apps.api.tests.test_domain" name="test_storage_cannot_escape_root" time="0.009" /><testcase classname="apps.api.tests.test_domain" name="test_fixture_is_explicit_and_ignores_instructions" time="0.001" /><testcase classname="apps.api.tests.test_domain" name="test_quotes_need_literal_value" time="0.002" /><testcase classname="apps.api.tests.test_domain" name="test_real_mode_missing_credentials_is_actionable" time="0.003" /><testcase classname="apps.api.tests.test_domain" name="test_fixture_embedding_space_is_deterministic" time="0.002" /><testcase classname="apps.api.tests.test_domain" name="test_ambiguous_product_sections_cannot_authorize_evidence" time="0.003" /><testcase classname="apps.api.tests.test_domain" name="test_real_provider_without_budget_context_is_blocked" time="0.005" /><testcase classname="apps.api.tests.test_domain" name="test_nonfinite_numbers_are_rejected[9999999999999999999999999999999999999999999999999999999999999999999999999999999999999999999999999999999999999999999999999999999999999999999999999999999999999999999999999999999999999999999999999999999999999999999999999999999999999999999999999999999999999999999999999999999999999999999999999999999999999999999999999999999999999999999999999999999999999999999999999999999999999999999999999999999999999999-None]" time="0.002" /><testcase classname="apps.api.tests.test_domain" name="test_nonfinite_numbers_are_rejected[9999999999999999999999999999999999999999999999999999999999999999999999999999999999999999999999999999999999999999999999999999999999999999999999999999999999999999999999999999999999999999999999999999999999999999999999999999999999999999999999999999999999999999999999999999999999999999999999999999999999999999999 kg-g]" time="0.003" /><testcase classname="apps.api.tests.test_experience" name="test_walkthrough_is_isolated_idempotent_and_produces_reviewable_conflicts" time="9.667" /><testcase classname="apps.api.tests.test_experience" name="test_execution_timeline_is_scoped_read_only_and_tracks_decisions" time="3.795" /><testcase classname="apps.api.tests.test_experience" name="test_walkthrough_never_starts_paid_calls" time="0.209" /><testcase classname="apps.api.tests.test_identity_live" name="test_printed_brand_and_style_with_title_remain_exact" time="0.005" /><testcase classname="apps.api.tests.test_identity_live" name="test_model_and_brand_substrings_cannot_prove_identity[Westport A0400]" time="0.004" /><testcase classname="apps.api.tests.test_identity_live" name="test_model_and_brand_substrings_cannot_prove_identity[Westport A040-N]" time="0.007" /><testcase classname="apps.api.tests.test_identity_live" name="test_model_and_brand_substrings_cannot_prove_identity[Westport X/A040]" time="0.004" /><testcase classname="apps.api.tests.test_identity_live" name="test_multi_product_unlabeled_passage_cannot_authorize_evidence" time="0.006" /><testcase classname="apps.api.tests.test_identity_live" name="test_family_sizes_are_grounded_individually" time="0.007" /><testcase classname="apps.api.tests.test_identity_live" name="test_same_retrieved_evidence_is_not_extracted_twice" time="0.002" /><testcase classname="apps.api.tests.test_identity_live" name="test_model_heading_preserves_code_suffix[A060 - Impact Cotton Hot Mill A2-A060]" time="0.002" /><testcase classname="apps.api.tests.test_identity_live" name="test_model_heading_preserves_code_suffix[NX-42-B - Thermal glove-NX-42-B]" time="0.001" /><testcase classname="apps.api.tests.test_identity_live" name="test_model_heading_preserves_code_suffix[NX-42-B-NX-42-B]" time="0.001" /><testcase classname="apps.api.tests.test_identity_live" name="test_model_heading_preserves_code_suffix[NX-42 Blue-NX-42 Blue]" time="0.001" /><testcase classname="apps.api.tests.test_identity_live" name="test_numeric_provider_values_need_complete_matching_numbers[12.0-Inner Pack:  12-True]" time="0.001" /><testcase classname="apps.api.tests.test_identity_live" name="test_numeric_provider_values_need_complete_matching_numbers[12-Pack: 12.00-True]" time="0.001" /><testcase classname="apps.api.tests.test_identity_live" name="test_numeric_provider_values_need_complete_matching_numbers[12-Pack: 120-False]" time="0.001" /><testcase classname="apps.api.tests.test_identity_live" name="test_numeric_provider_values_need_complete_matching_numbers[12-Pack: 12.5-False0]" time="0.001" /><testcase classname="apps.api.tests.test_identity_live" name="test_numeric_provider_values_need_complete_matching_numbers[12-Pack: 12.5-False1]" time="0.001" /><testcase classname="apps.api.tests.test_identity_live" name="test_numeric_provider_values_need_complete_matching_numbers[12-Pack: -12-False]" time="0.002" /><testcase classname="apps.api.tests.test_identity_live" name="test_numeric_provider_values_need_complete_matching_numbers[12-Code A12-False]" time="0.001" /><testcase classname="apps.api.tests.test_identity_live" name="test_numeric_provider_values_need_complete_matching_numbers[0.25-Length: 0.25 m-True]" time="0.001" /><testcase classname="apps.api.tests.test_identity_live" name="test_layout_whitespace_is_grounded_in_the_original_source" time="0.001" /><testcase classname="apps.api.tests.test_identity_live" name="test_prefixed_pdf_keeps_original_bytes_and_is_readable" time="0.054" /><testcase classname="apps.api.tests.test_identity_live" name="test_product_length_cannot_use_ambiguous_or_packaging_measurements[NX-42M Orange 60.0 25.0 52.0 0.0780]" time="0.002" /><testcase classname="apps.api.tests.test_identity_live" name="test_product_length_cannot_use_ambiguous_or_packaging_measurements[Carton Dimensions/Weight\nItem Colour Len Wid Hgt\nNX-42M Orange 60.0 25.0 52.0]" time="0.001" /><testcase classname="apps.api.tests.test_identity_live" name="test_product_length_cannot_use_ambiguous_or_packaging_measurements[Box length: 60 cm]" time="0.001" /><testcase classname="apps.api.tests.test_identity_live" name="test_product_length_cannot_use_ambiguous_or_packaging_measurements[Packaging length: 60 cm]" time="0.001" /><testcase classname="apps.api.tests.test_identity_live" name="test_product_length_cannot_use_ambiguous_or_packaging_measurements[Comprimento da caixa: 60 cm]" time="0.001" /><testcase classname="apps.api.tests.test_identity_live" name="test_product_length_cannot_use_ambiguous_or_packaging_measurements[Width: 60 mm]" time="0.001" /><testcase classname="apps.api.tests.test_identity_live" name="test_explicit_product_lengths_remain_eligible[Length: 230 mm]" time="0.001" /><testcase classname="apps.api.tests.test_identity_live" name="test_explicit_product_lengths_remain_eligible[Glove length: 10 in]" time="0.001" /><testcase classname="apps.api.tests.test_identity_live" name="test_explicit_product_lengths_remain_eligible[Comprimento: 23 cm]" time="0.001" /><testcase classname="apps.api.tests.test_identity_live" name="test_explicit_packaging_attribute_can_use_packaging_measurement" time="0.000" /><testcase classname="apps.api.tests.test_identity_live" name="test_cropping_packaging_table_title_cannot_change_measurement_subject" time="0.001" /><testcase classname="apps.api.tests.test_integration" name="test_import_mapping_and_duplicate_confirmation" time="3.566" /><testcase classname="apps.api.tests.test_integration" name="test_ingestion_idempotent_and_structural_metadata" time="0.146" /><testcase classname="apps.api.tests.test_integration" name="test_workspace_isolation_files_search_events_resume" time="2.697" /><testcase classname="apps.api.tests.test_integration" name="test_review_permissions_and_csrf" time="1.947" /><testcase classname="apps.api.tests.test_integration" name="test_approval_idempotent_and_export_only_approved" time="3.506" /><testcase classname="apps.api.tests.test_integration" name="test_conflicts_and_populated_contradictions" time="6.062" /><testcase classname="apps.api.tests.test_integration" name="test_unknowns_similar_identity_and_prompt_injection" time="8.057" /><testcase classname="apps.api.tests.test_integration" name="test_manual_edit_is_validated_and_labeled" time="4.108" /><testcase classname="apps.api.tests.test_integration" name="test_duplicate_job_delivery_keeps_candidates_stable" time="5.335" /><testcase classname="apps.api.tests.test_integration" name="test_wrong_proposal_version_and_interrupt" time="0.965" /><testcase classname="apps.api.tests.test_integration" name="test_schema_and_source_changes_stale_proposals" time="6.969" /><testcase classname="apps.api.tests.test_integration" name="test_failure_retry_limits_and_cancel" time="13.243" /><testcase classname="apps.api.tests.test_integration" name="test_composite_workspace_foreign_key" time="0.196" /><testcase classname="apps.api.tests.test_readiness" name="test_parallel_calls_cannot_overspend_and_reservations_survive_reentry" time="0.644" /><testcase classname="apps.api.tests.test_readiness" name="test_all_real_operations_record_usage_without_network" time="0.576" /><testcase classname="apps.api.tests.test_readiness" name="test_failures_are_bounded_sanitized_and_never_fall_back[rate-2]" time="0.828" /><testcase classname="apps.api.tests.test_readiness" name="test_failures_are_bounded_sanitized_and_never_fall_back[timeout-2]" time="0.814" /><testcase classname="apps.api.tests.test_readiness" name="test_failures_are_bounded_sanitized_and_never_fall_back[credentials-1]" time="0.255" /><testcase classname="apps.api.tests.test_readiness" name="test_failures_are_bounded_sanitized_and_never_fall_back[malformed-1]" time="0.393" /><testcase classname="apps.api.tests.test_readiness" name="test_failures_are_bounded_sanitized_and_never_fall_back[connection-2]" time="0.878" /><testcase classname="apps.api.tests.test_readiness" name="test_failures_are_bounded_sanitized_and_never_fall_back[server-2]" time="0.873" /><testcase classname="apps.api.tests.test_readiness" name="test_cancelled_call_retains_reservation" time="0.232" /><testcase classname="apps.api.tests.test_readiness" name="test_usd_reservation_includes_output_and_is_persistent" time="0.318" /><testcase classname="apps.api.tests.test_readiness" name="test_pricing_configuration_requires_all_prices_and_matching_models" time="0.006" /><testcase classname="apps.api.tests.test_readiness" name="test_operations_are_workspace_scoped_and_readable_by_viewer" time="2.875" /><testcase classname="apps.api.tests.test_readiness" name="test_restore_rejects_path_traversal_before_extracting" time="0.008" /><testcase classname="apps.api.tests.test_readiness" name="test_workspace_budget_remains_visible_after_many_documents" time="0.466" /><testcase classname="apps.api.tests.test_real_evaluation" name="test_known_correct_outputs_pass_and_report_denominators" time="0.001" /><testcase classname="apps.api.tests.test_real_evaluation" name="test_bad_outputs_do_not_pass[wrong_value]" time="0.001" /><testcase classname="apps.api.tests.test_real_evaluation" name="test_bad_outputs_do_not_pass[invented_quote]" time="0.001" /><testcase classname="apps.api.tests.test_real_evaluation" name="test_bad_outputs_do_not_pass[wrong_product]" time="0.001" /><testcase classname="apps.api.tests.test_real_evaluation" name="test_bad_outputs_do_not_pass[wrong_quote_for_value]" time="0.003" /><testcase classname="apps.api.tests.test_real_evaluation" name="test_bad_outputs_do_not_pass[missed_conflict]" time="0.003" /><testcase classname="apps.api.tests.test_real_evaluation" name="test_bad_outputs_do_not_pass[invented_unknown]" time="0.001" /><testcase classname="apps.api.tests.test_real_evaluation" name="test_bad_outputs_do_not_pass[failed_run]" time="0.001" /><testcase classname="apps.api.tests.test_real_evaluation" name="test_bad_outputs_do_not_pass[empty]" time="0.001" /><testcase classname="apps.api.tests.test_real_evaluation" name="test_unmeasured_conflicts_are_not_an_automatic_pass" time="0.001" /><testcase classname="apps.api.tests.test_real_evaluation" name="test_material_components_are_order_independent_but_not_optional" time="0.001" /><testcase classname="apps.api.tests.test_real_evaluation" name="test_dataset_has_frozen_split_and_supported_schema" time="0.002" /><testcase classname="apps.api.tests.test_real_evaluation" name="test_adversarial_sources_and_labels_validate_offline" time="0.015" /><testcase classname="apps.api.tests.test_real_evaluation" name="test_live_runner_rejects_main_instance_before_any_request" time="0.001" /><testcase classname="apps.api.tests.test_real_evaluation" name="test_reordered_composition_is_scored_as_correct_with_bound_evidence" time="0.001" /><testcase classname="apps.api.tests.test_real_evaluation" name="test_live_protocol_collects_nested_source_and_run_without_external_calls" time="0.018" /><testcase classname="apps.api.tests.test_real_evaluation" name="test_live_preflight_rejects_unreadable_sources_before_http" time="0.006" /></testsuite></testsuites>