<?xml version="1.0" encoding="utf-8"?><testsuites name="pytest tests"><testsuite name="pytest" errors="0" failures="0" skipped="0" tests="54" time="100.796" timestamp="2026-09-16T02:31:39.697149-03:00" hostname="devbox"><testcase classname="apps.api.tests.test_daily_use" name="test_two_reviewers_racing_apply_only_one_revision" time="6.751" /><testcase classname="apps.api.tests.test_daily_use" name="test_concurrent_duplicate_submission_has_one_decision" time="3.994" /><testcase classname="apps.api.tests.test_daily_use" name="test_revalidation_racing_approval_does_not_deadlock" time="4.600" /><testcase classname="apps.api.tests.test_daily_use" name="test_stalled_attempt_budget_has_a_terminal_outcome[2-processing]" time="2.437" /><testcase classname="apps.api.tests.test_daily_use" name="test_stalled_attempt_budget_has_a_terminal_outcome[3-processing]" time="1.478" /><testcase classname="apps.api.tests.test_daily_use" name="test_stalled_attempt_budget_has_a_terminal_outcome[3-waiting_review]" time="2.015" /><testcase classname="apps.api.tests.test_daily_use" name="test_example_install_is_additive_idempotent_and_authorized" time="4.359" /><testcase classname="apps.api.tests.test_daily_use" name="test_commit_failure_returns_error_instead_of_success" time="0.053" /><testcase classname="apps.api.tests.test_daily_use" name="test_revalidation_preserves_completed_history" time="5.780" /><testcase classname="apps.api.tests.test_domain" name="test_physical_units[25 cm-mm-250]" time="0.002" /><testcase classname="apps.api.tests.test_domain" name="test_physical_units[0.25 m-mm-250]" time="0.001" /><testcase classname="apps.api.tests.test_domain" name="test_physical_units[10 in-mm-254]" time="0.000" /><testcase classname="apps.api.tests.test_domain" name="test_physical_units[1000 g-kg-1]" time="0.000" /><testcase classname="apps.api.tests.test_domain" name="test_physical_units[12 pairs-pairs-12]" time="0.000" /><testcase classname="apps.api.tests.test_domain" name="test_packaging_is_not_inferred[1 box]" time="0.000" /><testcase classname="apps.api.tests.test_domain" name="test_packaging_is_not_inferred[12 boxes]" time="0.000" /><testcase classname="apps.api.tests.test_domain" name="test_packaging_is_not_inferred[one pack]" time="0.000" /><testcase classname="apps.api.tests.test_domain" name="test_packaging_is_not_inferred[0 pairs]" time="0.001" /><testcase classname="apps.api.tests.test_domain" name="test_packaging_is_not_inferred[1.5 pairs]" time="0.001" /><testcase classname="apps.api.tests.test_domain" name="test_packaging_is_not_inferred[true]" time="0.001" /><testcase classname="apps.api.tests.test_domain" name="test_schema_constraints_and_aliases" time="0.001" /><testcase classname="apps.api.tests.test_domain" name="test_wrong_product_rejected[model-FG-1000]" time="0.001" /><testcase classname="apps.api.tests.test_domain" name="test_wrong_product_rejected[mpn-OTHER]" time="0.001" /><testcase classname="apps.api.tests.test_domain" name="test_wrong_product_rejected[size-XL]" time="0.001" /><testcase classname="apps.api.tests.test_domain" name="test_wrong_product_rejected[coating-Latex]" time="0.000" /><testcase classname="apps.api.tests.test_domain" name="test_wrong_product_rejected[manufacturer-Other]" time="0.000" /><testcase classname="apps.api.tests.test_domain" name="test_explicit_family_applicability" time="0.000" /><testcase classname="apps.api.tests.test_domain" name="test_csv_preserves_original_and_rejects_malformed" time="0.000" /><testcase classname="apps.api.tests.test_domain" name="test_scanned_empty_pdf_abstains" time="0.002" /><testcase classname="apps.api.tests.test_domain" name="test_storage_cannot_escape_root" time="0.003" /><testcase classname="apps.api.tests.test_domain" name="test_fixture_is_explicit_and_ignores_instructions" time="0.000" /><testcase classname="apps.api.tests.test_domain" name="test_quotes_need_literal_value" time="0.000" /><testcase classname="apps.api.tests.test_domain" name="test_real_mode_missing_credentials_is_actionable" time="0.001" /><testcase classname="apps.api.tests.test_domain" name="test_fixture_embedding_space_is_deterministic" time="0.000" /><testcase classname="apps.api.tests.test_domain" name="test_ambiguous_product_sections_cannot_authorize_evidence" time="0.001" /><testcase classname="apps.api.tests.test_domain" name="test_real_provider_failure_never_falls_back_to_fixture" time="0.002" /><testcase classname="apps.api.tests.test_domain" name="test_nonfinite_numbers_are_rejected[9999999999999999999999999999999999999999999999999999999999999999999999999999999999999999999999999999999999999999999999999999999999999999999999999999999999999999999999999999999999999999999999999999999999999999999999999999999999999999999999999999999999999999999999999999999999999999999999999999999999999999999999999999999999999999999999999999999999999999999999999999999999999999999999999999999999999999-None]" time="0.001" /><testcase classname="apps.api.tests.test_domain" name="test_nonfinite_numbers_are_rejected[9999999999999999999999999999999999999999999999999999999999999999999999999999999999999999999999999999999999999999999999999999999999999999999999999999999999999999999999999999999999999999999999999999999999999999999999999999999999999999999999999999999999999999999999999999999999999999999999999999999999999999999 kg-g]" time="0.000" /><testcase classname="apps.api.tests.test_experience" name="test_walkthrough_is_isolated_idempotent_and_produces_reviewable_conflicts" time="6.110" /><testcase classname="apps.api.tests.test_experience" name="test_execution_timeline_is_scoped_read_only_and_tracks_decisions" time="4.047" /><testcase classname="apps.api.tests.test_experience" name="test_walkthrough_never_starts_paid_calls" time="0.169" /><testcase classname="apps.api.tests.test_integration" name="test_import_mapping_and_duplicate_confirmation" time="2.514" /><testcase classname="apps.api.tests.test_integration" name="test_ingestion_idempotent_and_structural_metadata" time="0.072" /><testcase classname="apps.api.tests.test_integration" name="test_workspace_isolation_files_search_events_resume" time="1.410" /><testcase classname="apps.api.tests.test_integration" name="test_review_permissions_and_csrf" time="1.851" /><testcase classname="apps.api.tests.test_integration" name="test_approval_idempotent_and_export_only_approved" time="4.216" /><testcase classname="apps.api.tests.test_integration" name="test_conflicts_and_populated_contradictions" time="6.006" /><testcase classname="apps.api.tests.test_integration" name="test_unknowns_similar_identity_and_prompt_injection" time="7.766" /><testcase classname="apps.api.tests.test_integration" name="test_manual_edit_is_validated_and_labeled" time="4.061" /><testcase classname="apps.api.tests.test_integration" name="test_duplicate_job_delivery_keeps_candidates_stable" time="5.291" /><testcase classname="apps.api.tests.test_integration" name="test_wrong_proposal_version_and_interrupt" time="0.974" /><testcase classname="apps.api.tests.test_integration" name="test_schema_and_source_changes_stale_proposals" time="7.084" /><testcase classname="apps.api.tests.test_integration" name="test_failure_retry_limits_and_cancel" time="13.269" /><testcase classname="apps.api.tests.test_integration" name="test_composite_workspace_foreign_key" time="0.216" /></testsuite></testsuites>