<?xml version="1.0" encoding="utf-8"?><testsuites name="pytest tests"><testsuite name="pytest" errors="0" failures="0" skipped="0" tests="40" time="56.891" timestamp="2026-09-16T00:06:30.384862-03:00" hostname="devbox"><testcase classname="apps.api.tests.test_domain" name="test_physical_units[25 cm-mm-250]" time="0.001" /><testcase classname="apps.api.tests.test_domain" name="test_physical_units[0.25 m-mm-250]" time="0.001" /><testcase classname="apps.api.tests.test_domain" name="test_physical_units[10 in-mm-254]" time="0.001" /><testcase classname="apps.api.tests.test_domain" name="test_physical_units[1000 g-kg-1]" time="0.001" /><testcase classname="apps.api.tests.test_domain" name="test_physical_units[12 pairs-pairs-12]" time="0.001" /><testcase classname="apps.api.tests.test_domain" name="test_packaging_is_not_inferred[1 box]" time="0.000" /><testcase classname="apps.api.tests.test_domain" name="test_packaging_is_not_inferred[12 boxes]" time="0.001" /><testcase classname="apps.api.tests.test_domain" name="test_packaging_is_not_inferred[one pack]" time="0.001" /><testcase classname="apps.api.tests.test_domain" name="test_packaging_is_not_inferred[0 pairs]" time="0.000" /><testcase classname="apps.api.tests.test_domain" name="test_packaging_is_not_inferred[1.5 pairs]" time="0.001" /><testcase classname="apps.api.tests.test_domain" name="test_packaging_is_not_inferred[true]" time="0.001" /><testcase classname="apps.api.tests.test_domain" name="test_schema_constraints_and_aliases" time="0.001" /><testcase classname="apps.api.tests.test_domain" name="test_wrong_product_rejected[model-FG-1000]" time="0.001" /><testcase classname="apps.api.tests.test_domain" name="test_wrong_product_rejected[mpn-OTHER]" time="0.001" /><testcase classname="apps.api.tests.test_domain" name="test_wrong_product_rejected[size-XL]" time="0.001" /><testcase classname="apps.api.tests.test_domain" name="test_wrong_product_rejected[coating-Latex]" time="0.001" /><testcase classname="apps.api.tests.test_domain" name="test_wrong_product_rejected[manufacturer-Other]" time="0.001" /><testcase classname="apps.api.tests.test_domain" name="test_explicit_family_applicability" time="0.001" /><testcase classname="apps.api.tests.test_domain" name="test_csv_preserves_original_and_rejects_malformed" time="0.002" /><testcase classname="apps.api.tests.test_domain" name="test_scanned_empty_pdf_abstains" time="0.006" /><testcase classname="apps.api.tests.test_domain" name="test_storage_cannot_escape_root" time="0.009" /><testcase classname="apps.api.tests.test_domain" name="test_fixture_is_explicit_and_ignores_instructions" time="0.002" /><testcase classname="apps.api.tests.test_domain" name="test_quotes_need_literal_value" time="0.004" /><testcase classname="apps.api.tests.test_domain" name="test_real_mode_missing_credentials_is_actionable" time="0.003" /><testcase classname="apps.api.tests.test_domain" name="test_fixture_embedding_space_is_deterministic" time="0.003" /><testcase classname="apps.api.tests.test_domain" name="test_ambiguous_product_sections_cannot_authorize_evidence" time="0.003" /><testcase classname="apps.api.tests.test_domain" name="test_real_provider_failure_never_falls_back_to_fixture" time="0.004" /><testcase classname="apps.api.tests.test_integration" name="test_import_mapping_and_duplicate_confirmation" time="2.962" /><testcase classname="apps.api.tests.test_integration" name="test_ingestion_idempotent_and_structural_metadata" time="0.077" /><testcase classname="apps.api.tests.test_integration" name="test_workspace_isolation_files_search_events_resume" time="1.230" /><testcase classname="apps.api.tests.test_integration" name="test_review_permissions_and_csrf" time="1.953" /><testcase classname="apps.api.tests.test_integration" name="test_approval_idempotent_and_export_only_approved" time="3.956" /><testcase classname="apps.api.tests.test_integration" name="test_conflicts_and_populated_contradictions" time="5.952" /><testcase classname="apps.api.tests.test_integration" name="test_unknowns_similar_identity_and_prompt_injection" time="8.177" /><testcase classname="apps.api.tests.test_integration" name="test_manual_edit_is_validated_and_labeled" time="3.739" /><testcase classname="apps.api.tests.test_integration" name="test_duplicate_job_delivery_keeps_candidates_stable" time="5.356" /><testcase classname="apps.api.tests.test_integration" name="test_wrong_proposal_version_and_interrupt" time="1.221" /><testcase classname="apps.api.tests.test_integration" name="test_schema_and_source_changes_stale_proposals" time="6.628" /><testcase classname="apps.api.tests.test_integration" name="test_failure_retry_limits_and_cancel" time="13.423" /><testcase classname="apps.api.tests.test_integration" name="test_composite_workspace_foreign_key" time="0.266" /></testsuite></testsuites>